This file contains any messages produced by compilers while
running configure, to aid debugging if configure makes a mistake.

It was created by configure, which was
generated by GNU Autoconf 2.69.  Invocation command line was

  $ ./configure 

## --------- ##
## Platform. ##
## --------- ##

hostname = AleynikovM
uname -m = x86_64
uname -r = 3.13.0-123-generic
uname -s = Linux
uname -v = #172-Ubuntu SMP Mon Jun 26 18:04:35 UTC 2017

/usr/bin/uname -p = unknown
/bin/uname -X     = unknown

/bin/arch              = unknown
/usr/bin/arch -k       = unknown
/usr/convex/getsysinfo = unknown
/usr/bin/hostinfo      = unknown
/bin/machine           = unknown
/usr/bin/oslevel       = unknown
/bin/universe          = unknown

PATH: ~/cerb/bin
PATH: /home/max/bin
PATH: /usr/local/sbin
PATH: /usr/local/bin
PATH: /usr/sbin
PATH: /usr/bin
PATH: /sbin
PATH: /bin
PATH: /usr/games
PATH: /usr/local/games
PATH: /usr/share/android-studio/bin
PATH: /usr/local/go/bin


## ----------- ##
## Core tests. ##
## ----------- ##

configure:2327: checking for grep that handles long lines and -e
configure:2385: result: /bin/grep
configure:2390: checking for egrep
configure:2452: result: /bin/grep -E
configure:2457: checking for a sed that does not truncate output
configure:2521: result: /bin/sed
configure:2655: checking for cc
configure:2671: found /usr/bin/cc
configure:2682: result: cc
configure:2713: checking for C compiler version
configure:2722: cc --version >&5
cc (Ubuntu 4.8.4-2ubuntu1~14.04.3) 4.8.4
Copyright (C) 2013 Free Software Foundation, Inc.
This is free software; see the source for copying conditions.  There is NO
warranty; not even for MERCHANTABILITY or FITNESS FOR A PARTICULAR PURPOSE.

configure:2733: $? = 0
configure:2722: cc -v >&5
Using built-in specs.
COLLECT_GCC=cc
COLLECT_LTO_WRAPPER=/usr/lib/gcc/x86_64-linux-gnu/4.8/lto-wrapper
Target: x86_64-linux-gnu
Configured with: ../src/configure -v --with-pkgversion='Ubuntu 4.8.4-2ubuntu1~14.04.3' --with-bugurl=file:///usr/share/doc/gcc-4.8/README.Bugs --enable-languages=c,c++,java,go,d,fortran,objc,obj-c++ --prefix=/usr --program-suffix=-4.8 --enable-shared --enable-linker-build-id --libexecdir=/usr/lib --without-included-gettext --enable-threads=posix --with-gxx-include-dir=/usr/include/c++/4.8 --libdir=/usr/lib --enable-nls --with-sysroot=/ --enable-clocale=gnu --enable-libstdcxx-debug --enable-libstdcxx-time=yes --enable-gnu-unique-object --disable-libmudflap --enable-plugin --with-system-zlib --disable-browser-plugin --enable-java-awt=gtk --enable-gtk-cairo --with-java-home=/usr/lib/jvm/java-1.5.0-gcj-4.8-amd64/jre --enable-java-home --with-jvm-root-dir=/usr/lib/jvm/java-1.5.0-gcj-4.8-amd64 --with-jvm-jar-dir=/usr/lib/jvm-exports/java-1.5.0-gcj-4.8-amd64 --with-arch-directory=amd64 --with-ecj-jar=/usr/share/java/eclipse-ecj.jar --enable-objc-gc --enable-multiarch --disable-werror --with-arch-32=i686 --with-abi=m64 --with-multilib-list=m32,m64,mx32 --with-tune=generic --enable-checking=release --build=x86_64-linux-gnu --host=x86_64-linux-gnu --target=x86_64-linux-gnu
Thread model: posix
gcc version 4.8.4 (Ubuntu 4.8.4-2ubuntu1~14.04.3) 
configure:2733: $? = 0
configure:2722: cc -V >&5
cc: error: unrecognized command line option '-V'
cc: fatal error: no input files
compilation terminated.
configure:2733: $? = 4
configure:2722: cc -qversion >&5
cc: error: unrecognized command line option '-qversion'
cc: fatal error: no input files
compilation terminated.
configure:2733: $? = 4
configure:2753: checking whether the C compiler works
configure:2775: cc    conftest.c  >&5
configure:2779: $? = 0
configure:2827: result: yes
configure:2830: checking for C compiler default output file name
configure:2832: result: a.out
configure:2838: checking for suffix of executables
configure:2845: cc -o conftest    conftest.c  >&5
configure:2849: $? = 0
configure:2871: result: 
configure:2893: checking whether we are cross compiling
configure:2901: cc -o conftest    conftest.c  >&5
configure:2905: $? = 0
configure:2912: ./conftest
configure:2916: $? = 0
configure:2931: result: no
configure:2936: checking for suffix of object files
configure:2958: cc -c   conftest.c >&5
configure:2962: $? = 0
configure:2983: result: o
configure:2987: checking whether we are using the GNU C compiler
configure:3006: cc -c   conftest.c >&5
configure:3006: $? = 0
configure:3015: result: yes
configure:3024: checking whether cc accepts -g
configure:3044: cc -c -g  conftest.c >&5
configure:3044: $? = 0
configure:3085: result: yes
configure:3102: checking for cc option to accept ISO C89
configure:3165: cc  -c -g -O2  conftest.c >&5
configure:3165: $? = 0
configure:3178: result: none needed
configure:3204: checking how to run the C preprocessor
configure:3235: cc -E  conftest.c
configure:3235: $? = 0
configure:3249: cc -E  conftest.c
conftest.c:9:28: fatal error: ac_nonexistent.h: No such file or directory
 #include <ac_nonexistent.h>
                            ^
compilation terminated.
configure:3249: $? = 1
configure: failed program was:
| /* confdefs.h */
| #define PACKAGE_NAME ""
| #define PACKAGE_TARNAME ""
| #define PACKAGE_VERSION ""
| #define PACKAGE_STRING ""
| #define PACKAGE_BUGREPORT ""
| #define PACKAGE_URL ""
| /* end confdefs.h.  */
| #include <ac_nonexistent.h>
configure:3274: result: cc -E
configure:3294: cc -E  conftest.c
configure:3294: $? = 0
configure:3308: cc -E  conftest.c
conftest.c:9:28: fatal error: ac_nonexistent.h: No such file or directory
 #include <ac_nonexistent.h>
                            ^
compilation terminated.
configure:3308: $? = 1
configure: failed program was:
| /* confdefs.h */
| #define PACKAGE_NAME ""
| #define PACKAGE_TARNAME ""
| #define PACKAGE_VERSION ""
| #define PACKAGE_STRING ""
| #define PACKAGE_BUGREPORT ""
| #define PACKAGE_URL ""
| /* end confdefs.h.  */
| #include <ac_nonexistent.h>
configure:3339: checking for icc
configure:3348: result: no
configure:3362: checking for suncc
configure:3371: result: no
configure:3389: checking whether cc understands -c and -o together
configure:3417: cc -c conftest.c -o conftest2.o >&5
configure:3421: $? = 0
configure:3427: cc -c conftest.c -o conftest2.o >&5
configure:3431: $? = 0
configure:3486: result: yes
configure:3500: checking for system library directory
configure:3515: result: lib
configure:3522: checking if compiler supports -R
configure:3541: cc -o conftest -g -O2   conftest.c -R /usr/lib  >&5
cc: error: unrecognized command line option '-R'
configure:3541: $? = 1
configure: failed program was:
| /* confdefs.h */
| #define PACKAGE_NAME ""
| #define PACKAGE_TARNAME ""
| #define PACKAGE_VERSION ""
| #define PACKAGE_STRING ""
| #define PACKAGE_BUGREPORT ""
| #define PACKAGE_URL ""
| /* end confdefs.h.  */
| 
| int
| main ()
| {
| 
|   ;
|   return 0;
| }
configure:3551: result: no
configure:3556: checking if compiler supports -Wl,-rpath,
configure:3575: cc -o conftest -g -O2   conftest.c -Wl,-rpath,/usr/lib  >&5
configure:3575: $? = 0
configure:3585: result: yes
configure:3630: checking build system type
configure:3644: result: x86_64-unknown-linux-gnu
configure:3664: checking host system type
configure:3677: result: x86_64-unknown-linux-gnu
configure:3697: checking target system type
configure:3710: result: x86_64-unknown-linux-gnu
configure:3813: checking for PHP prefix
configure:3815: result: /usr
configure:3817: checking for PHP includes
configure:3819: result: -I/usr/include/php5 -I/usr/include/php5/main -I/usr/include/php5/TSRM -I/usr/include/php5/Zend -I/usr/include/php5/ext -I/usr/include/php5/ext/date/lib
configure:3821: checking for PHP extension directory
configure:3823: result: /usr/lib/php5/20121212
configure:3825: checking for PHP installed headers prefix
configure:3827: result: /usr/include/php5
configure:3830: checking if debug is enabled
configure:3856: result: no
configure:3859: checking if zts is enabled
configure:3885: result: no
configure:3956: checking for re2c
configure:3986: result: no
configure:4011: WARNING: You will need re2c 0.13.4 or later if you want to regenerate PHP parsers.
configure:4025: checking for gawk
configure:4056: result: no
configure:4025: checking for nawk
configure:4042: found /usr/bin/nawk
configure:4053: result: nawk
configure:4076: checking if nawk is broken
configure:4083: result: no
configure:4097: checking whether pHash is available
configure:4137: result: yes, shared
configure:4205: checking for g++
configure:4221: found /usr/bin/g++
configure:4232: result: g++
configure:4259: checking for C++ compiler version
configure:4268: g++ --version >&5
g++ (Ubuntu 4.8.4-2ubuntu1~14.04.3) 4.8.4
Copyright (C) 2013 Free Software Foundation, Inc.
This is free software; see the source for copying conditions.  There is NO
warranty; not even for MERCHANTABILITY or FITNESS FOR A PARTICULAR PURPOSE.

configure:4279: $? = 0
configure:4268: g++ -v >&5
Using built-in specs.
COLLECT_GCC=g++
COLLECT_LTO_WRAPPER=/usr/lib/gcc/x86_64-linux-gnu/4.8/lto-wrapper
Target: x86_64-linux-gnu
Configured with: ../src/configure -v --with-pkgversion='Ubuntu 4.8.4-2ubuntu1~14.04.3' --with-bugurl=file:///usr/share/doc/gcc-4.8/README.Bugs --enable-languages=c,c++,java,go,d,fortran,objc,obj-c++ --prefix=/usr --program-suffix=-4.8 --enable-shared --enable-linker-build-id --libexecdir=/usr/lib --without-included-gettext --enable-threads=posix --with-gxx-include-dir=/usr/include/c++/4.8 --libdir=/usr/lib --enable-nls --with-sysroot=/ --enable-clocale=gnu --enable-libstdcxx-debug --enable-libstdcxx-time=yes --enable-gnu-unique-object --disable-libmudflap --enable-plugin --with-system-zlib --disable-browser-plugin --enable-java-awt=gtk --enable-gtk-cairo --with-java-home=/usr/lib/jvm/java-1.5.0-gcj-4.8-amd64/jre --enable-java-home --with-jvm-root-dir=/usr/lib/jvm/java-1.5.0-gcj-4.8-amd64 --with-jvm-jar-dir=/usr/lib/jvm-exports/java-1.5.0-gcj-4.8-amd64 --with-arch-directory=amd64 --with-ecj-jar=/usr/share/java/eclipse-ecj.jar --enable-objc-gc --enable-multiarch --disable-werror --with-arch-32=i686 --with-abi=m64 --with-multilib-list=m32,m64,mx32 --with-tune=generic --enable-checking=release --build=x86_64-linux-gnu --host=x86_64-linux-gnu --target=x86_64-linux-gnu
Thread model: posix
gcc version 4.8.4 (Ubuntu 4.8.4-2ubuntu1~14.04.3) 
configure:4279: $? = 0
configure:4268: g++ -V >&5
g++: error: unrecognized command line option '-V'
g++: fatal error: no input files
compilation terminated.
configure:4279: $? = 4
configure:4268: g++ -qversion >&5
g++: error: unrecognized command line option '-qversion'
g++: fatal error: no input files
compilation terminated.
configure:4279: $? = 4
configure:4283: checking whether we are using the GNU C++ compiler
configure:4302: g++ -c   conftest.cpp >&5
configure:4302: $? = 0
configure:4311: result: yes
configure:4320: checking whether g++ accepts -g
configure:4340: g++ -c -g  conftest.cpp >&5
configure:4340: $? = 0
configure:4381: result: yes
configure:4409: checking how to run the C++ preprocessor
configure:4436: g++ -E  conftest.cpp
configure:4436: $? = 0
configure:4450: g++ -E  conftest.cpp
conftest.cpp:9:28: fatal error: ac_nonexistent.h: No such file or directory
 #include <ac_nonexistent.h>
                            ^
compilation terminated.
configure:4450: $? = 1
configure: failed program was:
| /* confdefs.h */
| #define PACKAGE_NAME ""
| #define PACKAGE_TARNAME ""
| #define PACKAGE_VERSION ""
| #define PACKAGE_STRING ""
| #define PACKAGE_BUGREPORT ""
| #define PACKAGE_URL ""
| /* end confdefs.h.  */
| #include <ac_nonexistent.h>
configure:4475: result: g++ -E
configure:4495: g++ -E  conftest.cpp
configure:4495: $? = 0
configure:4509: g++ -E  conftest.cpp
conftest.cpp:9:28: fatal error: ac_nonexistent.h: No such file or directory
 #include <ac_nonexistent.h>
                            ^
compilation terminated.
configure:4509: $? = 1
configure: failed program was:
| /* confdefs.h */
| #define PACKAGE_NAME ""
| #define PACKAGE_TARNAME ""
| #define PACKAGE_VERSION ""
| #define PACKAGE_STRING ""
| #define PACKAGE_BUGREPORT ""
| #define PACKAGE_URL ""
| /* end confdefs.h.  */
| #include <ac_nonexistent.h>
configure:4584: checking for pHash in default path
configure:4589: result: found in /usr/local
configure:4635: checking for ANSI C header files
configure:4655: g++ -c -g -O2  -I/usr/include/php5 -I/usr/include/php5/main -I/usr/include/php5/TSRM -I/usr/include/php5/Zend -I/usr/include/php5/ext -I/usr/include/php5/ext/date/lib -I/usr/local/include -DHAVE_PHASH conftest.cpp >&5
configure:4655: $? = 0
configure:4728: g++ -o conftest -g -O2  -I/usr/include/php5 -I/usr/include/php5/main -I/usr/include/php5/TSRM -I/usr/include/php5/Zend -I/usr/include/php5/ext -I/usr/include/php5/ext/date/lib -I/usr/local/include -DHAVE_PHASH  conftest.cpp -lstdc++  >&5
configure:4728: $? = 0
configure:4728: ./conftest
configure:4728: $? = 0
configure:4739: result: yes
configure:4752: checking for sys/types.h
configure:4752: g++ -c -g -O2  -I/usr/include/php5 -I/usr/include/php5/main -I/usr/include/php5/TSRM -I/usr/include/php5/Zend -I/usr/include/php5/ext -I/usr/include/php5/ext/date/lib -I/usr/local/include -DHAVE_PHASH conftest.cpp >&5
configure:4752: $? = 0
configure:4752: result: yes
configure:4752: checking for sys/stat.h
configure:4752: g++ -c -g -O2  -I/usr/include/php5 -I/usr/include/php5/main -I/usr/include/php5/TSRM -I/usr/include/php5/Zend -I/usr/include/php5/ext -I/usr/include/php5/ext/date/lib -I/usr/local/include -DHAVE_PHASH conftest.cpp >&5
configure:4752: $? = 0
configure:4752: result: yes
configure:4752: checking for stdlib.h
configure:4752: g++ -c -g -O2  -I/usr/include/php5 -I/usr/include/php5/main -I/usr/include/php5/TSRM -I/usr/include/php5/Zend -I/usr/include/php5/ext -I/usr/include/php5/ext/date/lib -I/usr/local/include -DHAVE_PHASH conftest.cpp >&5
configure:4752: $? = 0
configure:4752: result: yes
configure:4752: checking for string.h
configure:4752: g++ -c -g -O2  -I/usr/include/php5 -I/usr/include/php5/main -I/usr/include/php5/TSRM -I/usr/include/php5/Zend -I/usr/include/php5/ext -I/usr/include/php5/ext/date/lib -I/usr/local/include -DHAVE_PHASH conftest.cpp >&5
configure:4752: $? = 0
configure:4752: result: yes
configure:4752: checking for memory.h
configure:4752: g++ -c -g -O2  -I/usr/include/php5 -I/usr/include/php5/main -I/usr/include/php5/TSRM -I/usr/include/php5/Zend -I/usr/include/php5/ext -I/usr/include/php5/ext/date/lib -I/usr/local/include -DHAVE_PHASH conftest.cpp >&5
configure:4752: $? = 0
configure:4752: result: yes
configure:4752: checking for strings.h
configure:4752: g++ -c -g -O2  -I/usr/include/php5 -I/usr/include/php5/main -I/usr/include/php5/TSRM -I/usr/include/php5/Zend -I/usr/include/php5/ext -I/usr/include/php5/ext/date/lib -I/usr/local/include -DHAVE_PHASH conftest.cpp >&5
configure:4752: $? = 0
configure:4752: result: yes
configure:4752: checking for inttypes.h
configure:4752: g++ -c -g -O2  -I/usr/include/php5 -I/usr/include/php5/main -I/usr/include/php5/TSRM -I/usr/include/php5/Zend -I/usr/include/php5/ext -I/usr/include/php5/ext/date/lib -I/usr/local/include -DHAVE_PHASH conftest.cpp >&5
configure:4752: $? = 0
configure:4752: result: yes
configure:4752: checking for stdint.h
configure:4752: g++ -c -g -O2  -I/usr/include/php5 -I/usr/include/php5/main -I/usr/include/php5/TSRM -I/usr/include/php5/Zend -I/usr/include/php5/ext -I/usr/include/php5/ext/date/lib -I/usr/local/include -DHAVE_PHASH conftest.cpp >&5
configure:4752: $? = 0
configure:4752: result: yes
configure:4752: checking for unistd.h
configure:4752: g++ -c -g -O2  -I/usr/include/php5 -I/usr/include/php5/main -I/usr/include/php5/TSRM -I/usr/include/php5/Zend -I/usr/include/php5/ext -I/usr/include/php5/ext/date/lib -I/usr/local/include -DHAVE_PHASH conftest.cpp >&5
configure:4752: $? = 0
configure:4752: result: yes
configure:4764: checking pHash.h usability
configure:4764: g++ -c -g -O2  -I/usr/include/php5 -I/usr/include/php5/main -I/usr/include/php5/TSRM -I/usr/include/php5/Zend -I/usr/include/php5/ext -I/usr/include/php5/ext/date/lib -I/usr/local/include -DHAVE_PHASH conftest.cpp >&5
configure:4764: $? = 0
configure:4764: result: yes
configure:4764: checking pHash.h presence
configure:4764: g++ -E  -I/usr/include/php5 -I/usr/include/php5/main -I/usr/include/php5/TSRM -I/usr/include/php5/Zend -I/usr/include/php5/ext -I/usr/include/php5/ext/date/lib -I/usr/local/include -DHAVE_PHASH conftest.cpp
configure:4764: $? = 0
configure:4764: result: yes
configure:4764: checking for pHash.h
configure:4764: result: yes
configure:4772: checking audiophash.h usability
configure:4772: g++ -c -g -O2  -I/usr/include/php5 -I/usr/include/php5/main -I/usr/include/php5/TSRM -I/usr/include/php5/Zend -I/usr/include/php5/ext -I/usr/include/php5/ext/date/lib -I/usr/local/include -DHAVE_PHASH conftest.cpp >&5
configure:4772: $? = 0
configure:4772: result: yes
configure:4772: checking audiophash.h presence
configure:4772: g++ -E  -I/usr/include/php5 -I/usr/include/php5/main -I/usr/include/php5/TSRM -I/usr/include/php5/Zend -I/usr/include/php5/ext -I/usr/include/php5/ext/date/lib -I/usr/local/include -DHAVE_PHASH conftest.cpp
configure:4772: $? = 0
configure:4772: result: yes
configure:4772: checking for audiophash.h
configure:4772: result: yes
configure:4884: checking for ph_texthash in -lpHash
configure:4909: g++ -o conftest -g -O2  -I/usr/include/php5 -I/usr/include/php5/main -I/usr/include/php5/TSRM -I/usr/include/php5/Zend -I/usr/include/php5/ext -I/usr/include/php5/ext/date/lib -I/usr/local/include -DHAVE_PHASH -Wl,-rpath,/usr/local/lib -L/usr/local/lib  conftest.cpp -lpHash  -lstdc++  >&5
configure:4909: $? = 0
configure:4918: result: yes
configure:5043: checking PHP version
configure:5060: g++ -c -g -O2  -I/usr/include/php5 -I/usr/include/php5/main -I/usr/include/php5/TSRM -I/usr/include/php5/Zend -I/usr/include/php5/ext -I/usr/include/php5/ext/date/lib -I/usr/local/include -DHAVE_PHASH conftest.cpp >&5
configure:5060: $? = 0
configure:5061: result: ok
configure:5426: checking how to print strings
configure:5453: result: printf
configure:5474: checking for a sed that does not truncate output
configure:5538: result: /bin/sed
configure:5556: checking for fgrep
configure:5618: result: /bin/grep -F
configure:5653: checking for ld used by cc
configure:5720: result: /usr/bin/ld
configure:5727: checking if the linker (/usr/bin/ld) is GNU ld
configure:5742: result: yes
configure:5754: checking for BSD- or MS-compatible name lister (nm)
configure:5803: result: /usr/bin/nm -B
configure:5933: checking the name lister (/usr/bin/nm -B) interface
configure:5940: g++ -c -g -O2  conftest.cpp >&5
configure:5943: /usr/bin/nm -B "conftest.o"
configure:5946: output
0000000000000000 B some_variable
configure:5953: result: BSD nm
configure:5956: checking whether ln -s works
configure:5960: result: yes
configure:5968: checking the maximum length of command line arguments
configure:6099: result: 1572864
configure:6116: checking whether the shell understands some XSI constructs
configure:6126: result: yes
configure:6130: checking whether the shell understands "+="
configure:6136: result: yes
configure:6171: checking how to convert x86_64-unknown-linux-gnu file names to x86_64-unknown-linux-gnu format
configure:6211: result: func_convert_file_noop
configure:6218: checking how to convert x86_64-unknown-linux-gnu file names to toolchain format
configure:6238: result: func_convert_file_noop
configure:6245: checking for /usr/bin/ld option to reload object files
configure:6252: result: -r
configure:6326: checking for objdump
configure:6342: found /usr/bin/objdump
configure:6353: result: objdump
configure:6385: checking how to recognize dependent libraries
configure:6583: result: pass_all
configure:6668: checking for dlltool
configure:6698: result: no
configure:6728: checking how to associate runtime and link libraries
configure:6755: result: printf %s\n
configure:6815: checking for ar
configure:6831: found /usr/bin/ar
configure:6842: result: ar
configure:6879: checking for archiver @FILE support
configure:6896: g++ -c -g -O2  conftest.cpp >&5
configure:6896: $? = 0
configure:6899: ar cru libconftest.a @conftest.lst >&5
configure:6902: $? = 0
configure:6907: ar cru libconftest.a @conftest.lst >&5
ar: conftest.o: No such file or directory
configure:6910: $? = 1
configure:6922: result: @
configure:6980: checking for strip
configure:6996: found /usr/bin/strip
configure:7007: result: strip
configure:7079: checking for ranlib
configure:7095: found /usr/bin/ranlib
configure:7106: result: ranlib
configure:7183: checking for gawk
configure:7210: result: nawk
configure:7250: checking command to parse /usr/bin/nm -B output from cc object
configure:7370: g++ -c -g -O2  conftest.cpp >&5
configure:7373: $? = 0
configure:7377: /usr/bin/nm -B conftest.o \| sed -n -e 's/^.*[ ]\([ABCDGIRSTW][ABCDGIRSTW]*\)[ ][ ]*\([_A-Za-z][_A-Za-z0-9]*\)$/\1 \2 \2/p' | sed '/ __gnu_lto/d' \> conftest.nm
configure:7380: $? = 0
configure:7446: g++ -o conftest -g -O2   conftest.cpp conftstm.o >&5
configure:7449: $? = 0
configure:7487: result: ok
configure:7524: checking for sysroot
configure:7554: result: no
configure:7631: g++ -c -g -O2  conftest.cpp >&5
configure:7634: $? = 0
configure:7823: checking for mt
configure:7839: found /bin/mt
configure:7850: result: mt
configure:7873: checking if mt is a manifest tool
configure:7879: mt '-?'
configure:7887: result: no
configure:8526: checking for dlfcn.h
configure:8526: g++ -c -g -O2  conftest.cpp >&5
configure:8526: $? = 0
configure:8526: result: yes
configure:8742: checking for objdir
configure:8757: result: .libs
configure:9028: checking if cc supports -fno-rtti -fno-exceptions
configure:9046: cc -c -g -O2  -fno-rtti -fno-exceptions conftest.c >&5
cc1: warning: command line option '-fno-rtti' is valid for C++/ObjC++ but not for C [enabled by default]
configure:9050: $? = 0
configure:9063: result: no
configure:9390: checking for cc option to produce PIC
configure:9397: result: -fPIC -DPIC
configure:9405: checking if cc PIC flag -fPIC -DPIC works
configure:9423: cc -c -g -O2  -fPIC -DPIC -DPIC conftest.c >&5
configure:9427: $? = 0
configure:9440: result: yes
configure:9469: checking if cc static flag -static works
configure:9497: result: yes
configure:9512: checking if cc supports -c -o file.o
configure:9533: cc -c -g -O2  -o out/conftest2.o conftest.c >&5
configure:9537: $? = 0
configure:9559: result: yes
configure:9567: checking if cc supports -c -o file.o
configure:9614: result: yes
configure:9647: checking whether the cc linker (/usr/bin/ld -m elf_x86_64) supports shared libraries
configure:10804: result: yes
configure:10841: checking whether -lc should be explicitly linked in
configure:10849: cc -c -g -O2  conftest.c >&5
configure:10852: $? = 0
configure:10867: cc -shared  -fPIC -DPIC conftest.o  -v -Wl,-soname -Wl,conftest -o conftest 2\>\&1 \| /bin/grep  -lc  \>/dev/null 2\>\&1
configure:10870: $? = 0
configure:10884: result: no
configure:11044: checking dynamic linker characteristics
configure:11544: cc -o conftest -g -O2   -Wl,-rpath -Wl,/foo conftest.c -lstdc++  >&5
configure:11544: $? = 0
configure:11778: result: GNU/Linux ld.so
configure:11885: checking how to hardcode library paths into programs
configure:11910: result: immediate
configure:12450: checking whether stripping libraries is possible
configure:12455: result: yes
configure:12490: checking if libtool supports shared libraries
configure:12492: result: yes
configure:12495: checking whether to build shared libraries
configure:12516: result: yes
configure:12519: checking whether to build static libraries
configure:12523: result: no
configure:12546: checking how to run the C++ preprocessor
configure:12612: result: g++ -E
configure:12632: g++ -E  conftest.cpp
configure:12632: $? = 0
configure:12646: g++ -E  conftest.cpp
conftest.cpp:23:28: fatal error: ac_nonexistent.h: No such file or directory
 #include <ac_nonexistent.h>
                            ^
compilation terminated.
configure:12646: $? = 1
configure: failed program was:
| /* confdefs.h */
| #define PACKAGE_NAME ""
| #define PACKAGE_TARNAME ""
| #define PACKAGE_VERSION ""
| #define PACKAGE_STRING ""
| #define PACKAGE_BUGREPORT ""
| #define PACKAGE_URL ""
| #define STDC_HEADERS 1
| #define HAVE_SYS_TYPES_H 1
| #define HAVE_SYS_STAT_H 1
| #define HAVE_STDLIB_H 1
| #define HAVE_STRING_H 1
| #define HAVE_MEMORY_H 1
| #define HAVE_STRINGS_H 1
| #define HAVE_INTTYPES_H 1
| #define HAVE_STDINT_H 1
| #define HAVE_UNISTD_H 1
| #define HAVE_PHASH 1
| #define COMPILE_DL_PHASH 1
| #define HAVE_DLFCN_H 1
| #define LT_OBJDIR ".libs/"
| /* end confdefs.h.  */
| #include <ac_nonexistent.h>
configure:12815: checking for ld used by g++
configure:12882: result: /usr/bin/ld -m elf_x86_64
configure:12889: checking if the linker (/usr/bin/ld -m elf_x86_64) is GNU ld
configure:12904: result: yes
configure:12959: checking whether the g++ linker (/usr/bin/ld -m elf_x86_64) supports shared libraries
configure:13961: result: yes
configure:13997: g++ -c -g -O2  conftest.cpp >&5
configure:14000: $? = 0
configure:14520: checking for g++ option to produce PIC
configure:14527: result: -fPIC -DPIC
configure:14535: checking if g++ PIC flag -fPIC -DPIC works
configure:14553: g++ -c -g -O2  -fPIC -DPIC -DPIC conftest.cpp >&5
configure:14557: $? = 0
configure:14570: result: yes
configure:14593: checking if g++ static flag -static works
configure:14621: result: yes
configure:14633: checking if g++ supports -c -o file.o
configure:14654: g++ -c -g -O2  -o out/conftest2.o conftest.cpp >&5
configure:14658: $? = 0
configure:14680: result: yes
configure:14685: checking if g++ supports -c -o file.o
configure:14732: result: yes
configure:14762: checking whether the g++ linker (/usr/bin/ld -m elf_x86_64) supports shared libraries
configure:14801: result: yes
configure:14942: checking dynamic linker characteristics
configure:15610: result: GNU/Linux ld.so
configure:15663: checking how to hardcode library paths into programs
configure:15688: result: immediate
configure:15988: creating ./config.status

## ---------------------- ##
## Running config.status. ##
## ---------------------- ##

This file was extended by config.status, which was
generated by GNU Autoconf 2.69.  Invocation command line was

  CONFIG_FILES    = 
  CONFIG_HEADERS  = 
  CONFIG_LINKS    = 
  CONFIG_COMMANDS = 
  $ ./config.status 

on AleynikovM

config.status:943: creating config.h
config.status:1033: config.h is unchanged
config.status:1047: executing libtool commands

## ---------------- ##
## Cache variables. ##
## ---------------- ##

ac_cv_build=x86_64-unknown-linux-gnu
ac_cv_c_compiler_gnu=yes
ac_cv_cxx_compiler_gnu=yes
ac_cv_env_CCC_set=
ac_cv_env_CCC_value=
ac_cv_env_CC_set=
ac_cv_env_CC_value=
ac_cv_env_CFLAGS_set=
ac_cv_env_CFLAGS_value=
ac_cv_env_CPPFLAGS_set=
ac_cv_env_CPPFLAGS_value=
ac_cv_env_CPP_set=
ac_cv_env_CPP_value=
ac_cv_env_CXXCPP_set=
ac_cv_env_CXXCPP_value=
ac_cv_env_CXXFLAGS_set=
ac_cv_env_CXXFLAGS_value=
ac_cv_env_CXX_set=
ac_cv_env_CXX_value=
ac_cv_env_LDFLAGS_set=
ac_cv_env_LDFLAGS_value=
ac_cv_env_LIBS_set=
ac_cv_env_LIBS_value=
ac_cv_env_build_alias_set=
ac_cv_env_build_alias_value=
ac_cv_env_host_alias_set=
ac_cv_env_host_alias_value=
ac_cv_env_target_alias_set=
ac_cv_env_target_alias_value=
ac_cv_header_audiophash_h=yes
ac_cv_header_dlfcn_h=yes
ac_cv_header_inttypes_h=yes
ac_cv_header_memory_h=yes
ac_cv_header_pHash_h=yes
ac_cv_header_stdc=yes
ac_cv_header_stdint_h=yes
ac_cv_header_stdlib_h=yes
ac_cv_header_string_h=yes
ac_cv_header_strings_h=yes
ac_cv_header_sys_stat_h=yes
ac_cv_header_sys_types_h=yes
ac_cv_header_unistd_h=yes
ac_cv_host=x86_64-unknown-linux-gnu
ac_cv_lib_pHash_ph_texthash=yes
ac_cv_objext=o
ac_cv_path_EGREP='/bin/grep -E'
ac_cv_path_FGREP='/bin/grep -F'
ac_cv_path_GREP=/bin/grep
ac_cv_path_SED=/bin/sed
ac_cv_prog_AWK=nawk
ac_cv_prog_CPP='cc -E'
ac_cv_prog_CXXCPP='g++ -E'
ac_cv_prog_ac_ct_AR=ar
ac_cv_prog_ac_ct_CC=cc
ac_cv_prog_ac_ct_CXX=g++
ac_cv_prog_ac_ct_MANIFEST_TOOL=mt
ac_cv_prog_ac_ct_OBJDUMP=objdump
ac_cv_prog_ac_ct_RANLIB=ranlib
ac_cv_prog_ac_ct_STRIP=strip
ac_cv_prog_cc_c89=
ac_cv_prog_cc_cc_c_o=yes
ac_cv_prog_cc_g=yes
ac_cv_prog_cxx_g=yes
ac_cv_target=x86_64-unknown-linux-gnu
lt_cv_ar_at_file=@
lt_cv_archive_cmds_need_lc=no
lt_cv_deplibs_check_method=pass_all
lt_cv_file_magic_cmd='$MAGIC_CMD'
lt_cv_file_magic_test_file=
lt_cv_ld_reload_flag=-r
lt_cv_nm_interface='BSD nm'
lt_cv_objdir=.libs
lt_cv_path_LD=/usr/bin/ld
lt_cv_path_LDCXX='/usr/bin/ld -m elf_x86_64'
lt_cv_path_NM='/usr/bin/nm -B'
lt_cv_path_mainfest_tool=no
lt_cv_prog_compiler_c_o=yes
lt_cv_prog_compiler_c_o_CXX=yes
lt_cv_prog_compiler_pic='-fPIC -DPIC'
lt_cv_prog_compiler_pic_CXX='-fPIC -DPIC'
lt_cv_prog_compiler_pic_works=yes
lt_cv_prog_compiler_pic_works_CXX=yes
lt_cv_prog_compiler_rtti_exceptions=no
lt_cv_prog_compiler_static_works=yes
lt_cv_prog_compiler_static_works_CXX=yes
lt_cv_prog_gnu_ld=yes
lt_cv_prog_gnu_ldcxx=yes
lt_cv_sharedlib_from_linklib_cmd='printf %s\n'
lt_cv_shlibpath_overrides_runpath=no
lt_cv_sys_global_symbol_pipe='sed -n -e '\''s/^.*[	 ]\([ABCDGIRSTW][ABCDGIRSTW]*\)[	 ][	 ]*\([_A-Za-z][_A-Za-z0-9]*\)$/\1 \2 \2/p'\'' | sed '\''/ __gnu_lto/d'\'''
lt_cv_sys_global_symbol_to_c_name_address='sed -n -e '\''s/^: \([^ ]*\)[ ]*$/  {\"\1\", (void *) 0},/p'\'' -e '\''s/^[ABCDGIRSTW]* \([^ ]*\) \([^ ]*\)$/  {"\2", (void *) \&\2},/p'\'''
lt_cv_sys_global_symbol_to_c_name_address_lib_prefix='sed -n -e '\''s/^: \([^ ]*\)[ ]*$/  {\"\1\", (void *) 0},/p'\'' -e '\''s/^[ABCDGIRSTW]* \([^ ]*\) \(lib[^ ]*\)$/  {"\2", (void *) \&\2},/p'\'' -e '\''s/^[ABCDGIRSTW]* \([^ ]*\) \([^ ]*\)$/  {"lib\2", (void *) \&\2},/p'\'''
lt_cv_sys_global_symbol_to_cdecl='sed -n -e '\''s/^T .* \(.*\)$/extern int \1();/p'\'' -e '\''s/^[ABCDGIRSTW]* .* \(.*\)$/extern char \1;/p'\'''
lt_cv_sys_max_cmd_len=1572864
lt_cv_to_host_file_cmd=func_convert_file_noop
lt_cv_to_tool_file_cmd=func_convert_file_noop
php_cv_cc_dashr=no
php_cv_cc_rpath=yes

## ----------------- ##
## Output variables. ##
## ----------------- ##

AR='ar'
AWK='nawk'
CC='cc'
CFLAGS='-g -O2'
CONFIGURE_COMMAND=' '\''./configure'\'' '
CONFIGURE_OPTIONS=''
CPP='cc -E'
CPPFLAGS=' -DHAVE_CONFIG_H'
CXX='g++'
CXXCPP='g++ -E'
CXXFLAGS='-g -O2'
DEFS='-DHAVE_CONFIG_H'
DLLTOOL='false'
DSYMUTIL=''
DUMPBIN=''
ECHO_C=''
ECHO_N='-n'
ECHO_T=''
EGREP='/bin/grep -E'
EXEEXT=''
FGREP='/bin/grep -F'
GREP='/bin/grep'
LD='/usr/bin/ld -m elf_x86_64'
LDFLAGS=''
LIBOBJS=''
LIBS='-lstdc++ '
LIBTOOL='$(SHELL) $(top_builddir)/libtool'
LIPO=''
LN_S='ln -s'
LTLIBOBJS=''
MANIFEST_TOOL=':'
NM='/usr/bin/nm -B'
NMEDIT=''
OBJDUMP='objdump'
OBJEXT='o'
OTOOL64=''
OTOOL=''
PACKAGE_BUGREPORT=''
PACKAGE_NAME=''
PACKAGE_STRING=''
PACKAGE_TARNAME=''
PACKAGE_URL=''
PACKAGE_VERSION=''
PATH_SEPARATOR=':'
RANLIB='ranlib'
RE2C='exit 0;'
SED='/bin/sed'
SHELL='/bin/bash'
SHLIB_DL_SUFFIX_NAME='so'
SHLIB_SUFFIX_NAME='so'
STRIP='strip'
ac_ct_AR='ar'
ac_ct_CC='cc'
ac_ct_CXX='g++'
ac_ct_DUMPBIN=''
bindir='${exec_prefix}/bin'
build='x86_64-unknown-linux-gnu'
build_alias=''
build_cpu='x86_64'
build_os='linux-gnu'
build_vendor='unknown'
datadir='${datarootdir}'
datarootdir='${prefix}/share'
docdir='${datarootdir}/doc/${PACKAGE}'
dvidir='${docdir}'
exec_prefix='$(prefix)'
host='x86_64-unknown-linux-gnu'
host_alias='x86_64-unknown-linux-gnu'
host_cpu='x86_64'
host_os='linux-gnu'
host_vendor='unknown'
htmldir='${docdir}'
includedir='${prefix}/include'
infodir='${datarootdir}/info'
libdir='${exec_prefix}/lib'
libexecdir='${exec_prefix}/libexec'
localedir='${datarootdir}/locale'
localstatedir='${prefix}/var'
mandir='${datarootdir}/man'
oldincludedir='/usr/include'
pdfdir='${docdir}'
prefix='/usr'
program_transform_name='s,x,x,'
psdir='${docdir}'
sbindir='${exec_prefix}/sbin'
sharedstatedir='${prefix}/com'
sysconfdir='${prefix}/etc'
target='x86_64-unknown-linux-gnu'
target_alias=''
target_cpu='x86_64'
target_os='linux-gnu'
target_vendor='unknown'

## ----------- ##
## confdefs.h. ##
## ----------- ##

/* confdefs.h */
#define PACKAGE_NAME ""
#define PACKAGE_TARNAME ""
#define PACKAGE_VERSION ""
#define PACKAGE_STRING ""
#define PACKAGE_BUGREPORT ""
#define PACKAGE_URL ""
#define STDC_HEADERS 1
#define HAVE_SYS_TYPES_H 1
#define HAVE_SYS_STAT_H 1
#define HAVE_STDLIB_H 1
#define HAVE_STRING_H 1
#define HAVE_MEMORY_H 1
#define HAVE_STRINGS_H 1
#define HAVE_INTTYPES_H 1
#define HAVE_STDINT_H 1
#define HAVE_UNISTD_H 1
#define HAVE_PHASH 1
#define COMPILE_DL_PHASH 1
#define HAVE_DLFCN_H 1
#define LT_OBJDIR ".libs/"

configure: exit 0
